22/12/2020, 11:32:17 [ConfigSetParser] created user with id: 0, name: ABC as RandomBot
22/12/2020, 11:32:17 [ConfigSetParser] created user with id: 1, name: ABC1 as RandomBot
22/12/2020, 11:32:18 [AssignmentInstance] INFO user id:0, user name: ABC assigned instance id: 1 with class label: [Negative, Positive] instance: "aldım eve gidince kutusundan çıkardım hasarlıydı"
22/12/2020, 11:32:18 [AssignmentInstance] INFO user id:1, user name: ABC1 assigned instance id: 1 with class label: [Positive, Notr, Negative] instance: "aldım eve gidince kutusundan çıkardım hasarlıydı"
22/12/2020, 11:32:18 [AssignmentInstance] INFO user id:0, user name: ABC assigned instance id: 2 with class label: [Negative] instance: "yöneticisi bizzat ilgilenerek gerekli özverili örneği göstererek güzel teşekkürler"
22/12/2020, 11:32:18 [AssignmentInstance] INFO user id:1, user name: ABC1 assigned instance id: 2 with class label: [Notr, Negative] instance: "yöneticisi bizzat ilgilenerek gerekli özverili örneği göstererek güzel teşekkürler"
22/12/2020, 11:32:18 [AssignmentInstance] INFO user id:1, user name: ABC1 assigned instance id: 1 with class label: [Negative, Notr] instance: "aldım eve gidince kutusundan çıkardım hasarlıydı"
22/12/2020, 11:32:18 [AssignmentInstance] INFO user id:0, user name: ABC assigned instance id: 3 with class label: [Notr] instance: "mesela kamerası aldık yoktu"
22/12/2020, 11:32:18 [AssignmentInstance] INFO user id:1, user name: ABC1 assigned instance id: 3 with class label: [Notr, Positive, Negative] instance: "mesela kamerası aldık yoktu"
22/12/2020, 11:32:18 [AssignmentInstance] INFO user id:1, user name: ABC1 assigned instance id: 1 with class label: [Positive] instance: "aldım eve gidince kutusundan çıkardım hasarlıydı"
22/12/2020, 11:32:18 [AssignmentInstance] INFO user id:0, user name: ABC assigned instance id: 4 with class label: [Positive, Notr, Negative] instance: "siteniz çalışmıyor kaç gündür"
22/12/2020, 11:32:18 [AssignmentInstance] INFO user id:1, user name: ABC1 assigned instance id: 4 with class label: [Positive, Negative, Notr] instance: "siteniz çalışmıyor kaç gündür"
22/12/2020, 11:32:18 [AssignmentInstance] INFO user id:0, user name: ABC assigned instance id: 5 with class label: [Positive, Notr] instance: "şimdilik memnun kaldım umarım kararım değişmez"
22/12/2020, 11:32:18 [AssignmentInstance] INFO user id:1, user name: ABC1 assigned instance id: 5 with class label: [Notr, Negative] instance: "şimdilik memnun kaldım umarım kararım değişmez"
22/12/2020, 11:32:18 [AssignmentInstance] INFO user id:0, user name: ABC assigned instance id: 6 with class label: [Positive, Notr, Negative] instance: "durduğu yerde sessiz moduna geçmesi başta fazla giden bataryasının ayda kapasitesinin ciddi anlamda düşmesi dışında fiyatı düşünüldüğünde iyi"
22/12/2020, 11:32:18 [AssignmentInstance] INFO user id:0, user name: ABC assigned instance id: 3 with class label: [Negative] instance: "mesela kamerası aldık yoktu"
22/12/2020, 11:32:18 [AssignmentInstance] INFO user id:1, user name: ABC1 assigned instance id: 6 with class label: [Negative, Positive, Notr] instance: "durduğu yerde sessiz moduna geçmesi başta fazla giden bataryasının ayda kapasitesinin ciddi anlamda düşmesi dışında fiyatı düşünüldüğünde iyi"
22/12/2020, 11:32:18 [AssignmentInstance] INFO user id:0, user name: ABC assigned instance id: 7 with class label: [Positive] instance: "filmin büyük artısı uzun zamandır görmediğimiz oyunculuğunu döktürmesini sağlamasıydı"
22/12/2020, 11:32:18 [AssignmentInstance] INFO user id:1, user name: ABC1 assigned instance id: 7 with class label: [Negative, Positive, Notr] instance: "filmin büyük artısı uzun zamandır görmediğimiz oyunculuğunu döktürmesini sağlamasıydı"
22/12/2020, 11:32:18 [AssignmentInstance] INFO user id:0, user name: ABC assigned instance id: 8 with class label: [Positive] instance: "şarjı hemen bitiriyor"
22/12/2020, 11:32:18 [AssignmentInstance] INFO user id:1, user name: ABC1 assigned instance id: 8 with class label: [Notr, Negative, Positive] instance: "şarjı hemen bitiriyor"
22/12/2020, 11:32:18 [AssignmentInstance] INFO user id:0, user name: ABC assigned instance id: 9 with class label: [Negative, Positive, Notr] instance: "in yeni kampanyasi cok basarili"
22/12/2020, 11:32:18 [AssignmentInstance] INFO user id:1, user name: ABC1 assigned instance id: 9 with class label: [Notr, Negative] instance: "in yeni kampanyasi cok basarili"
22/12/2020, 11:32:18 [AssignmentInstance] INFO user id:0, user name: ABC assigned instance id: 10 with class label: [Negative, Notr] instance: "kullanışlı fiyata alınabilecek güzel düsünmeden alabilirsiniz"
22/12/2020, 11:32:18 [AssignmentInstance] INFO user id:1, user name: ABC1 assigned instance id: 10 with class label: [Negative] instance: "kullanışlı fiyata alınabilecek güzel düsünmeden alabilirsiniz"
